<?xml version="1.0" encoding="UTF-8"?>
<coverage generated="1709927734444" clover="3.2.0">
  <project timestamp="1709927734444" name="All files">
    <metrics statements="4" coveredstatements="4" conditionals="4" coveredconditionals="4" methods="1" coveredmethods="1" elements="9" coveredelements="9" complexity="0" loc="4" ncloc="4" packages="1" files="1" classes="1"/>
    <file name="sum.js" path="C:\Users\estudiante\Desktop\Carpetas\Programación\Notas\Apuntes Henry\En Vivo - Henry\Clase 5 - Testing Advanced\Clase 5 - Código\Prueba1\sum.js">
      <metrics statements="4" coveredstatements="4" conditionals="4" coveredconditionals="4" methods="1" coveredmethods="1"/>
      <line num="2" count="5" type="cond" truecount="4" falsecount="0"/>
      <line num="3" count="3" type="stmt"/>
      <line num="5" count="2" type="stmt"/>
      <line num="8" count="1" type="stmt"/>
    </file>
  </project>
</coverage>
