{"C:\\Users\\estudiante\\Desktop\\Carpetas\\Programación\\Notas\\Apuntes Henry\\En Vivo - Henry\\Clase 5 - Testing Advanced\\Clase 5 - Código\\Prueba1\\sum.js": {"path":"C:\\Users\\estudiante\\Desktop\\Carpetas\\Programación\\Notas\\Apuntes Henry\\En Vivo - Henry\\Clase 5 - Testing Advanced\\Clase 5 - Código\\Prueba1\\sum.js","statementMap":{"0":{"start":{"line":2,"column":2},"end":{"line":4,"column":3}},"1":{"start":{"line":3,"column":4},"end":{"line":3,"column":17}},"2":{"start":{"line":5,"column":2},"end":{"line":5,"column":15}},"3":{"start":{"line":8,"column":0},"end":{"line":8,"column":21}}},"fnMap":{"0":{"name":"sum","decl":{"start":{"line":1,"column":9},"end":{"line":1,"column":12}},"loc":{"start":{"line":1,"column":19},"end":{"line":6,"column":1}},"line":1}},"branchMap":{"0":{"loc":{"start":{"line":2,"column":2},"end":{"line":4,"column":3}},"type":"if","locations":[{"start":{"line":2,"column":2},"end":{"line":4,"column":3}},{"start":{},"end":{}}],"line":2},"1":{"loc":{"start":{"line":2,"column":6},"end":{"line":2,"column":52}},"type":"binary-expr","locations":[{"start":{"line":2,"column":6},"end":{"line":2,"column":27}},{"start":{"line":2,"column":31},"end":{"line":2,"column":52}}],"line":2}},"s":{"0":5,"1":3,"2":2,"3":1},"f":{"0":5},"b":{"0":[3,2],"1":[5,2]},"_coverageSchema":"1a1c01bbd47fc00a2c39e90264f33305004495a9","hash":"e61a7312bdd51b11da8d5a90cf4efea01719d957"}
}
